<?xml version="1.0" encoding="UTF-8"?>
<testsuites>
  <testsuite name="fastlane.lanes">
    
    
    
      
      <testcase classname="fastlane.lanes" name="0: default_platform" time="0.001178">
        
      </testcase>
    
      
      <testcase classname="fastlane.lanes" name="1: wasmJsBrowserDistribution" time="26.573676">
        
          <failure message="/opt/homebrew/Cellar/fastlane/2.227.1/libexec/gems/fastlane-2.227.1/fastlane/lib/fastlane/actions/actions_helper.rb:67:in &apos;Fastlane::Actions.execute_action&apos;&#10;/opt/homebrew/Cellar/fastlane/2.227.1/libexec/gems/fastlane-2.227.1/fastlane/lib/fastlane/runner.rb:255:in &apos;block in Fastlane::Runner#execute_action&apos;&#10;/opt/homebrew/Cellar/fastlane/2.227.1/libexec/gems/fastlane-2.227.1/fastlane/lib/fastlane/runner.rb:229:in &apos;Dir.chdir&apos;&#10;/opt/homebrew/Cellar/fastlane/2.227.1/libexec/gems/fastlane-2.227.1/fastlane/lib/fastlane/runner.rb:229:in &apos;Fastlane::Runner#execute_action&apos;&#10;/opt/homebrew/Cellar/fastlane/2.227.1/libexec/gems/fastlane-2.227.1/fastlane/lib/fastlane/runner.rb:157:in &apos;Fastlane::Runner#trigger_action_by_name&apos;&#10;/opt/homebrew/Cellar/fastlane/2.227.1/libexec/gems/fastlane-2.227.1/fastlane/lib/fastlane/fast_file.rb:159:in &apos;Fastlane::FastFile#method_missing&apos;&#10;Fastfile:46:in &apos;block (2 levels) in Fastlane::FastFile#parsing_binding&apos;&#10;/opt/homebrew/Cellar/fastlane/2.227.1/libexec/gems/fastlane-2.227.1/fastlane/lib/fastlane/lane.rb:41:in &apos;Fastlane::Lane#call&apos;&#10;/opt/homebrew/Cellar/fastlane/2.227.1/libexec/gems/fastlane-2.227.1/fastlane/lib/fastlane/runner.rb:49:in &apos;block in Fastlane::Runner#execute&apos;&#10;/opt/homebrew/Cellar/fastlane/2.227.1/libexec/gems/fastlane-2.227.1/fastlane/lib/fastlane/runner.rb:45:in &apos;Dir.chdir&apos;&#10;/opt/homebrew/Cellar/fastlane/2.227.1/libexec/gems/fastlane-2.227.1/fastlane/lib/fastlane/runner.rb:45:in &apos;Fastlane::Runner#execute&apos;&#10;/opt/homebrew/Cellar/fastlane/2.227.1/libexec/gems/fastlane-2.227.1/fastlane/lib/fastlane/lane_manager.rb:46:in &apos;Fastlane::LaneManager.cruise_lane&apos;&#10;/opt/homebrew/Cellar/fastlane/2.227.1/libexec/gems/fastlane-2.227.1/fastlane/lib/fastlane/command_line_handler.rb:34:in &apos;Fastlane::CommandLineHandler.handle&apos;&#10;/opt/homebrew/Cellar/fastlane/2.227.1/libexec/gems/fastlane-2.227.1/fastlane/lib/fastlane/commands_generator.rb:110:in &apos;block (2 levels) in Fastlane::CommandsGenerator#run&apos;&#10;/opt/homebrew/Cellar/fastlane/2.227.1/libexec/gems/commander-4.6.0/lib/commander/command.rb:187:in &apos;Commander::Command#call&apos;&#10;/opt/homebrew/Cellar/fastlane/2.227.1/libexec/gems/commander-4.6.0/lib/commander/command.rb:157:in &apos;Commander::Command#run&apos;&#10;/opt/homebrew/Cellar/fastlane/2.227.1/libexec/gems/commander-4.6.0/lib/commander/runner.rb:444:in &apos;Commander::Runner#run_active_command&apos;&#10;/opt/homebrew/Cellar/fastlane/2.227.1/libexec/gems/fastlane-2.227.1/fastlane_core/lib/fastlane_core/ui/fastlane_runner.rb:124:in &apos;Commander::Runner#run!&apos;&#10;/opt/homebrew/Cellar/fastlane/2.227.1/libexec/gems/commander-4.6.0/lib/commander/delegates.rb:18:in &apos;Commander::Delegates#run!&apos;&#10;/opt/homebrew/Cellar/fastlane/2.227.1/libexec/gems/fastlane-2.227.1/fastlane/lib/fastlane/commands_generator.rb:363:in &apos;Fastlane::CommandsGenerator#run&apos;&#10;/opt/homebrew/Cellar/fastlane/2.227.1/libexec/gems/fastlane-2.227.1/fastlane/lib/fastlane/commands_generator.rb:43:in &apos;Fastlane::CommandsGenerator.start&apos;&#10;/opt/homebrew/Cellar/fastlane/2.227.1/libexec/gems/fastlane-2.227.1/fastlane/lib/fastlane/cli_tools_distributor.rb:123:in &apos;Fastlane::CLIToolsDistributor.take_off&apos;&#10;/opt/homebrew/Cellar/fastlane/2.227.1/libexec/gems/fastlane-2.227.1/bin/fastlane:23:in &apos;&lt;top (required)&gt;&apos;&#10;/opt/homebrew/Cellar/fastlane/2.227.1/libexec/bin/fastlane:25:in &apos;Kernel#load&apos;&#10;/opt/homebrew/Cellar/fastlane/2.227.1/libexec/bin/fastlane:25:in &apos;&lt;main&gt;&apos;&#10;&#10;Exit status of command &apos;/Users/patel/Documents/GitHub/Filmestry/gradlew wasmJsBrowserDistribution -p .&apos; was 1 instead of 0.&#10;Starting a Gradle Daemon, 1 incompatible Daemon could not be reused, use --status for details&#10;Type-safe project accessors is an incubating feature.&#10;&#10;&gt; Configure project :composeApp&#10;w: file:///Users/patel/Documents/GitHub/Filmestry/composeApp/build.gradle.kts:40:9: &apos;moduleName: String?&apos; is deprecated. Use outputModuleName with Provider API instead&#10;Configuration &apos;wasmJsNpmAggregated&apos; was resolved during configuration time.&#10;This is a build performance and scalability issue.&#10;See https://github.com/gradle/gradle/issues/2298&#10;Run with --info for a stacktrace.&#10;Configuration &apos;wasmJsTestNpmAggregated&apos; was resolved during configuration time.&#10;This is a build performance and scalability issue.&#10;See https://github.com/gradle/gradle/issues/2298&#10;Run with --info for a stacktrace.&#10;&#10;&gt; Task :kotlinNodeJsSetup&#10;&gt; Task :kotlinNpmCachesSetup&#10;&gt; Task :kotlinRestoreYarnLock&#10;&gt; Task :kotlinYarnSetup&#10;&gt; Task :composeApp:wasmJsPackageJson&#10;&gt; Task :composeApp:wasmJsTestPackageJson&#10;&gt; Task :composeApp:wasmJsPublicPackageJson&#10;&gt; Task :composeApp:wasmJsTestPublicPackageJson&#10;&gt; Task :packageJsonUmbrella&#10;&gt; Task :rootPackageJson&#10;&gt; Task :kotlinNpmInstall&#10;&gt; Task :kotlinStoreYarnLock&#10;&gt; Task :composeApp:wasmJsResolveResourcesFromDependencies&#10;&gt; Task :composeApp:convertXmlValueResourcesForCommonMain NO-SOURCE&#10;&gt; Task :composeApp:copyNonXmlValueResourcesForCommonMain UP-TO-DATE&#10;&gt; Task :composeApp:prepareComposeResourcesTaskForCommonMain UP-TO-DATE&#10;&gt; Task :composeApp:convertXmlValueResourcesForWasmJsMain NO-SOURCE&#10;&gt; Task :composeApp:copyNonXmlValueResourcesForWasmJsMain NO-SOURCE&#10;&gt; Task :composeApp:prepareComposeResourcesTaskForWasmJsMain NO-SOURCE&#10;&gt; Task :composeApp:assembleWasmJsMainResources&#10;&gt; Task :composeApp:wasmJsResolveSelfResourcesCopyHierarchicalMultiplatformResources&#10;&gt; Task :composeApp:wasmJsAggregateResources&#10;&gt; Task :composeApp:wasmJsProcessResources UP-TO-DATE&#10;&gt; Task :composeApp:checkKotlinGradlePluginConfigurationErrors SKIPPED&#10;&gt; Task :composeApp:generateResourceAccessorsForCommonMain UP-TO-DATE&#10;&gt; Task :composeApp:generateResourceAccessorsForWasmJsMain NO-SOURCE&#10;&gt; Task :composeApp:generateActualResourceCollectorsForWasmJsMain&#10;&gt; Task :composeApp:generateBuildKonfig UP-TO-DATE&#10;&gt; Task :composeApp:generateComposeResClass UP-TO-DATE&#10;&gt; Task :composeApp:generateExpectResourceCollectorsForCommonMain UP-TO-DATE&#10;&gt; Task :kotlinBinaryenSetup&#10;&gt; Task :composeApp:unpackSkikoWasmRuntime&#10;&gt; Task :composeApp:processSkikoRuntimeForKWasm&#10;&#10;&gt; Task :composeApp:compileKotlinWasmJs&#10;e: file:///Users/patel/Documents/GitHub/Filmestry/composeApp/src/commonMain/kotlin/org/appsmith/filmestry/shared/CreateDataStore.kt:3:17 Unresolved reference &apos;datastore&apos;.&#10;e: file:///Users/patel/Documents/GitHub/Filmestry/composeApp/src/commonMain/kotlin/org/appsmith/filmestry/shared/CreateDataStore.kt:4:17 Unresolved reference &apos;datastore&apos;.&#10;e: file:///Users/patel/Documents/GitHub/Filmestry/composeApp/src/commonMain/kotlin/org/appsmith/filmestry/shared/CreateDataStore.kt:5:17 Unresolved reference &apos;datastore&apos;.&#10;e: file:///Users/patel/Documents/GitHub/Filmestry/composeApp/src/commonMain/kotlin/org/appsmith/filmestry/shared/CreateDataStore.kt:8:49 Unresolved reference &apos;DataStore&apos;.&#10;e: file:///Users/patel/Documents/GitHub/Filmestry/composeApp/src/commonMain/kotlin/org/appsmith/filmestry/shared/CreateDataStore.kt:8:59 Unresolved reference &apos;Preferences&apos;.&#10;e: file:///Users/patel/Documents/GitHub/Filmestry/composeApp/src/commonMain/kotlin/org/appsmith/filmestry/shared/CreateDataStore.kt:9:12 Unresolved reference &apos;PreferenceDataStoreFactory&apos;.&#10;&#10;&gt; Task :composeApp:compileKotlinWasmJs FAILED&#10;&#10;FAILURE: Build failed with an exception.&#10;&#10;* What went wrong:&#10;Execution failed for task &apos;:composeApp:compileKotlinWasmJs&apos;.&#10;&gt; A failure occurred while executing org.jetbrains.kotlin.compilerRunner.GradleCompilerRunnerWithWorkers$GradleKotlinCompilerWorkAction&#10;   &gt; Compilation error. See log for more details&#10;&#10;* Try:&#10;&gt; Run with --stacktrace option to get the stack trace.&#10;&gt; Run with --info or --debug option to get more log output.&#10;&gt; Run with --scan to get full insights.&#10;&gt; Get more help at https://help.gradle.org.&#10;&#10;Deprecated Gradle features were used in this build, making it incompatible with Gradle 9.0.&#10;&#10;You can use &apos;--warning-mode all&apos; to show the individual deprecation warnings and determine if they come from your own scripts or plugins.&#10;&#10;For more on this, please refer to https://docs.gradle.org/8.9/userguide/command_line_interface.html#sec:command_line_warnings in the Gradle documentation.&#10;&#10;BUILD FAILED in 25s&#10;27 actionable tasks: 20 executed, 7 up-to-date&#10;" />
        
      </testcase>
    
  </testsuite>
</testsuites>
